h:\visual\gamesdl2\gamesdl2\x64\debug\vc143.pdb
h:\visual\gamesdl2\gamesdl2\x64\debug\vc143.idb
h:\visual\gamesdl2\gamesdl2\x64\debug\main.obj
h:\visual\gamesdl2\gamesdl2\x64\debug\commonfunc.obj
h:\visual\gamesdl2\gamesdl2\x64\debug\baseobject.obj
h:\visual\gamesdl2\gamesdl2\x64\debug\game_map.obj
h:\visual\gamesdl2\gamesdl2\x64\debug\mainobject.obj
h:\visual\gamesdl2\x64\debug\gamesdl2.exe
h:\visual\gamesdl2\x64\debug\gamesdl2.pdb
h:\visual\gamesdl2\gamesdl2\x64\debug\gamesdl2.ilk
h:\visual\gamesdl2\gamesdl2\x64\debug\lancan.obj
h:\visual\gamesdl2\gamesdl2\x64\debug\baseobject.obj.enc
h:\visual\gamesdl2\gamesdl2\x64\debug\commonfunc.obj.enc
h:\visual\gamesdl2\gamesdl2\x64\debug\game_map.obj.enc
h:\visual\gamesdl2\gamesdl2\x64\debug\main.obj.enc
h:\visual\gamesdl2\gamesdl2\x64\debug\gamesdl2.tlog\cl.command.1.tlog
h:\visual\gamesdl2\gamesdl2\x64\debug\gamesdl2.tlog\cl.items.tlog
h:\visual\gamesdl2\gamesdl2\x64\debug\gamesdl2.tlog\cl.read.1.tlog
h:\visual\gamesdl2\gamesdl2\x64\debug\gamesdl2.tlog\cl.write.1.tlog
h:\visual\gamesdl2\gamesdl2\x64\debug\gamesdl2.tlog\link.command.1.tlog
h:\visual\gamesdl2\gamesdl2\x64\debug\gamesdl2.tlog\link.read.1.tlog
h:\visual\gamesdl2\gamesdl2\x64\debug\gamesdl2.tlog\link.secondary.1.tlog
h:\visual\gamesdl2\gamesdl2\x64\debug\gamesdl2.tlog\link.write.1.tlog
